<?xml version="1.0" encoding="UTF-8"?>
<!-- Generated by org.testng.reporters.JUnitXMLReporter -->
<testsuite hostname="BG3WS0348" ignored="0" name="Test" tests="5" failures="1" timestamp="27 Jun 2020 04:58:35 GMT" time="30.765" errors="0">
  <testcase name="testHeader" time="1.897" classname="com.selenium.demo.tests.TestABElements">
    <failure type="java.lang.AssertionError" message="expected [A/B Test Control] but found [A/B Test Variation 1]">
      <![CDATA[java.lang.AssertionError: expected [A/B Test Control] but found [A/B Test Variation 1]
	at com.selenium.demo.tests.TestABElements.testHeader(TestABElements.java:27)
... Removed 31 stack frames]]>
    </failure>
  </testcase> <!-- testHeader -->
  <testcase name="testContent" time="1.513" classname="com.selenium.demo.tests.TestABElements"/>
  <testcase name="testHeader" time="1.883" classname="com.selenium.demo.tests.TestARElements"/>
  <testcase name="testAddButton" time="1.844" classname="com.selenium.demo.tests.TestARElements"/>
  <testcase name="testDelButton" time="1.802" classname="com.selenium.demo.tests.TestARElements"/>
</testsuite> <!-- Test -->
