<?xml version="1.0" encoding="UTF-8"?>
<!-- Generated by org.testng.reporters.JUnitXMLReporter -->
<testsuite hostname="BG3WS0348" ignored="0" name="Testing Of The-Internet" tests="26" failures="2" timestamp="27 Jun 2020 05:50:52 GMT" time="354.576" errors="0">
  <testcase name="testFirstHeader" time="0.548" classname="com.selenium.demo.tests.TestHomePage"/>
  <testcase name="testSecondHeader" time="0.513" classname="com.selenium.demo.tests.TestHomePage"/>
  <testcase name="tsetClickOnLink" time="175.716" classname="com.selenium.demo.tests.TestHomePage"/>
  <testcase name="testHeader" time="1.889" classname="com.selenium.demo.tests.TestABElements">
    <failure type="java.lang.AssertionError" message="expected [A/B Test Control] but found [A/B Test Variation 1]">
      <![CDATA[java.lang.AssertionError: expected [A/B Test Control] but found [A/B Test Variation 1]
	at com.selenium.demo.tests.TestABElements.testHeader(TestABElements.java:27)
... Removed 31 stack frames]]>
    </failure>
  </testcase> <!-- testHeader -->
  <testcase name="testContent" time="1.513" classname="com.selenium.demo.tests.TestABElements"/>
  <testcase name="testHeader" time="2.147" classname="com.selenium.demo.tests.TestARElements"/>
  <testcase name="testAddButton" time="2.321" classname="com.selenium.demo.tests.TestARElements"/>
  <testcase name="testDelButton" time="2.299" classname="com.selenium.demo.tests.TestARElements"/>
  <testcase name="sucessTestAuthontication" time="4.379" classname="com.selenium.demo.tests.BasicAuthTest"/>
  <testcase name="testHeaderCheckBox" time="1.899" classname="com.selenium.demo.tests.CheckBoxPageTest"/>
  <testcase name="testfrstCheckBox" time="1.73" classname="com.selenium.demo.tests.CheckBoxPageTest"/>
  <testcase name="testSecndCheckBox" time="1.511" classname="com.selenium.demo.tests.CheckBoxPageTest"/>
  <testcase name="testHeaderCheckBox" time="1.902" classname="com.selenium.demo.tests.ContextMenuPageTest"/>
  <testcase name="testfrstStmt" time="1.521" classname="com.selenium.demo.tests.ContextMenuPageTest"/>
  <testcase name="testSecndCheckBox" time="1.512" classname="com.selenium.demo.tests.ContextMenuPageTest"/>
  <testcase name="testAlertBox" time="5.219" classname="com.selenium.demo.tests.ContextMenuPageTest"/>
  <testcase name="testAboutBox" time="2.345" classname="com.selenium.demo.tests.DisAppearingElePageTest"/>
  <testcase name="testContactUsButton" time="2.043" classname="com.selenium.demo.tests.DisAppearingElePageTest"/>
  <testcase name="testPortfolio" time="1.987" classname="com.selenium.demo.tests.DisAppearingElePageTest"/>
  <testcase name="testGalleryButton" time="31.569" classname="com.selenium.demo.tests.DisAppearingElePageTest">
    <failure type="org.openqa.selenium.TimeoutException" message="Expected condition failed: waiting for visibility of element located by By.linkText: Gallery (tried for 30 second(s) with 500 milliseconds interval)">
      <![CDATA[org.openqa.selenium.TimeoutException: Expected condition failed: waiting for visibility of element located by By.linkText: Gallery (tried for 30 second(s) with 500 milliseconds interval)
	at org.openqa.selenium.support.ui.WebDriverWait.timeoutException(WebDriverWait.java:95)
	at org.openqa.selenium.support.ui.FluentWait.until(FluentWait.java:272)
	at com.selenium.demo.pages.DisAppearingPage.clickOnGalleryButton(DisAppearingPage.java:97)
	at com.selenium.demo.tests.DisAppearingElePageTest.testGalleryButton(DisAppearingElePageTest.java:39)
Caused by: org.openqa.selenium.NoSuchElementException: Unable to locate element: Gallery
For documentation on this error, please visit: https://www.seleniumhq.org/exceptions/no_such_element.html
Build info: version: '3.141.59', revision: 'e82be7d358', time: '2018-11-14T08:25:48'
System info: host: 'BG3WS0348', ip: '10.174.1.92', os.name: 'Windows 8.1', os.arch: 'amd64', os.version: '6.3', java.version: '1.8.0_20'
Driver info: org.openqa.selenium.firefox.FirefoxDriver
Capabilities {acceptInsecureCerts: true, browserName: firefox, browserVersion: 77.0.1, javascriptEnabled: true, moz:accessibilityChecks: false, moz:buildID: 20200602222727, moz:geckodriverVersion: 0.26.0, moz:headless: false, moz:processID: 36608, moz:profile: C:\Users\ashwini.v\AppData\..., moz:shutdownTimeout: 60000, moz:useNonSpecCompliantPointerOrigin: false, moz:webdriverClick: true, pageLoadStrategy: normal, platform: WINDOWS, platformName: WINDOWS, platformVersion: 10.0, rotatable: false, setWindowRect: true, strictFileInteractability: false, timeouts: {implicit: 0, pageLoad: 300000, script: 30000}, unhandledPromptBehavior: dismiss and notify}
Session ID: 0ee77986-36ea-4816-8879-0fe087cc18e6
*** Element info: {Using=link text, value=Gallery}
	at org.openqa.selenium.remote.http.W3CHttpResponseCodec.createException(W3CHttpResponseCodec.java:187)
	at org.openqa.selenium.remote.http.W3CHttpResponseCodec.decode(W3CHttpResponseCodec.java:122)
	at org.openqa.selenium.remote.http.W3CHttpResponseCodec.decode(W3CHttpResponseCodec.java:49)
	at org.openqa.selenium.remote.HttpCommandExecutor.execute(HttpCommandExecutor.java:158)
	at org.openqa.selenium.remote.service.DriverCommandExecutor.execute(DriverCommandExecutor.java:83)
	at org.openqa.selenium.remote.RemoteWebDriver.execute(RemoteWebDriver.java:552)
	at org.openqa.selenium.remote.RemoteWebDriver.findElement(RemoteWebDriver.java:323)
	at org.openqa.selenium.remote.RemoteWebDriver.findElementByLinkText(RemoteWebDriver.java:380)
	at org.openqa.selenium.By$ByLinkText.findElement(By.java:220)
	at org.openqa.selenium.remote.RemoteWebDriver.findElement(RemoteWebDriver.java:315)
	at org.openqa.selenium.support.ui.ExpectedConditions$7.apply(ExpectedConditions.java:205)
	at org.openqa.selenium.support.ui.ExpectedConditions$7.apply(ExpectedConditions.java:201)
	at org.openqa.selenium.support.ui.FluentWait.until(FluentWait.java:249)
	... 27 more
... Removed 29 stack frames]]>
    </failure>
  </testcase> <!-- testGalleryButton -->
  <testcase name="testHomeButton" time="1.958" classname="com.selenium.demo.tests.DisAppearingElePageTest"/>
  <testcase name="testHeaderCheckBox" time="3.772" classname="com.selenium.demo.tests.DragAndDropPageTest"/>
  <testcase name="testHeaderOfDropDown" time="1.997" classname="com.selenium.demo.tests.DropDownPageTest"/>
  <testcase name="testdefaultValue" time="1.596" classname="com.selenium.demo.tests.DropDownPageTest"/>
  <testcase name="testOption1" time="1.765" classname="com.selenium.demo.tests.DropDownPageTest"/>
  <testcase name="testOption2" time="1.795" classname="com.selenium.demo.tests.DropDownPageTest"/>
</testsuite> <!-- Testing Of The-Internet -->
